Using pre-set license
Built from '2021.3/staging' branch; Version is '2021.3.8f1 (b30333d56e81) revision 11731763'; Using compiler version '192829333'; Build Type 'Release'
OS: 'Windows 10  (10.0.19045) 64bit Core' Language: 'en' Physical Memory: 16265 MB
BatchMode: 1, IsHumanControllingUs: 0, StartBugReporterOnCrash: 0, Is64bit: 1, IsPro: 1

COMMAND LINE ARGUMENTS:
D:\Program Files\Unity\Hub\Editor\2021.3.8f1\Editor\Unity.exe
-adb2
-batchMode
-noUpm
-name
AssetImportWorker0
-projectPath
G:/Unity/CemVRSeniorDesign/Cem-VR-Documentation/code/Giroux-CAP6117-SANC - crown
-logFile
Logs/AssetImportWorker0.log
-srvPort
58786
Successfully changed project path to: G:/Unity/CemVRSeniorDesign/Cem-VR-Documentation/code/Giroux-CAP6117-SANC - crown
G:/Unity/CemVRSeniorDesign/Cem-VR-Documentation/code/Giroux-CAP6117-SANC - crown
[UnityMemory] Configuration Parameters - Can be set up in boot.config
    "memorysetup-bucket-allocator-granularity=16"
    "memorysetup-bucket-allocator-bucket-count=8"
    "memorysetup-bucket-allocator-block-size=33554432"
    "memorysetup-bucket-allocator-block-count=8"
    "memorysetup-main-allocator-block-size=16777216"
    "memorysetup-thread-allocator-block-size=16777216"
    "memorysetup-gfx-main-allocator-block-size=16777216"
    "memorysetup-gfx-thread-allocator-block-size=16777216"
    "memorysetup-cache-allocator-block-size=4194304"
    "memorysetup-typetree-allocator-block-size=2097152"
    "memorysetup-profiler-bucket-allocator-granularity=16"
    "memorysetup-profiler-bucket-allocator-bucket-count=8"
    "memorysetup-profiler-bucket-allocator-block-size=33554432"
    "memorysetup-profiler-bucket-allocator-block-count=8"
    "memorysetup-profiler-allocator-block-size=16777216"
    "memorysetup-profiler-editor-allocator-block-size=1048576"
    "memorysetup-temp-allocator-size-main=16777216"
    "memorysetup-job-temp-allocator-block-size=2097152"
    "memorysetup-job-temp-allocator-block-size-background=1048576"
    "memorysetup-job-temp-allocator-reduction-small-platforms=262144"
    "memorysetup-temp-allocator-size-background-worker=32768"
    "memorysetup-temp-allocator-size-job-worker=262144"
    "memorysetup-temp-allocator-size-preload-manager=33554432"
    "memorysetup-temp-allocator-size-nav-mesh-worker=65536"
    "memorysetup-temp-allocator-size-audio-worker=65536"
    "memorysetup-temp-allocator-size-cloud-worker=32768"
    "memorysetup-temp-allocator-size-gi-baking-worker=262144"
    "memorysetup-temp-allocator-size-gfx=262144"
Refreshing native plugins compatible for Editor in 86.64 ms, found 12 plugins.
Preloading 1 native plugins for Editor in 0.79 ms.
Initialize engine version: 2021.3.8f1 (b30333d56e81)
[Subsystems] Discovering subsystems at path D:/Program Files/Unity/Hub/Editor/2021.3.8f1/Editor/Data/Resources/UnitySubsystems
[Subsystems] Discovering subsystems at path G:/Unity/CemVRSeniorDesign/Cem-VR-Documentation/code/Giroux-CAP6117-SANC - crown/Assets
GfxDevice: creating device client; threaded=0; jobified=0
Direct3D:
    Version:  Direct3D 11.0 [level 11.1]
    Renderer: NVIDIA GeForce GTX 1060 6GB (ID=0x1c03)
    Vendor:   NVIDIA
    VRAM:     6029 MB
    Driver:   31.0.15.5123
Initialize mono
Mono path[0] = 'D:/Program Files/Unity/Hub/Editor/2021.3.8f1/Editor/Data/Managed'
Mono path[1] = 'D:/Program Files/Unity/Hub/Editor/2021.3.8f1/Editor/Data/MonoBleedingEdge/lib/mono/unityjit-win32'
Mono config path = 'D:/Program Files/Unity/Hub/Editor/2021.3.8f1/Editor/Data/MonoBleedingEdge/etc'
Using monoOptions --debugger-agent=transport=dt_socket,embedding=1,server=y,suspend=n,address=127.0.0.1:56416
Begin MonoManager ReloadAssembly
Registering precompiled unity dll's ...
Register platform support module: D:/Program Files/Unity/Hub/Editor/2021.3.8f1/Editor/Data/PlaybackEngines/AndroidPlayer/UnityEditor.Android.Extensions.dll
Register platform support module: D:/Program Files/Unity/Hub/Editor/2021.3.8f1/Editor/Data/PlaybackEngines/WindowsStandaloneSupport/UnityEditor.WindowsStandalone.Extensions.dll
Registered in 0.003214 seconds.
Native extension for WindowsStandalone target not found
Native extension for Android target not found
Refreshing native plugins compatible for Editor in 76.78 ms, found 12 plugins.
Preloading 1 native plugins for Editor in 0.10 ms.
Mono: successfully reloaded assembly
- Completed reload, in  0.477 seconds
Domain Reload Profiling:
	ReloadAssembly (477ms)
		BeginReloadAssembly (64ms)
			ExecutionOrderSort (0ms)
			DisableScriptedObjects (0ms)
			BackupInstance (0ms)
			ReleaseScriptingObjects (0ms)
			CreateAndSetChildDomain (1ms)
		EndReloadAssembly (342ms)
			LoadAssemblies (64ms)
			RebuildTransferFunctionScriptingTraits (0ms)
			SetupTypeCache (69ms)
			ReleaseScriptCaches (0ms)
			RebuildScriptCaches (18ms)
			SetupLoadedEditorAssemblies (220ms)
				LogAssemblyErrors (0ms)
				InitializePlatformSupportModulesInManaged (39ms)
				SetLoadedEditorAssemblies (0ms)
				RefreshPlugins (77ms)
				BeforeProcessingInitializeOnLoad (1ms)
				ProcessInitializeOnLoadAttributes (71ms)
				ProcessInitializeOnLoadMethodAttributes (31ms)
				AfterProcessingInitializeOnLoad (0ms)
				EditorAssembliesLoaded (0ms)
			ExecutionOrderSort2 (0ms)
			AwakeInstancesAfterBackupRestoration (0ms)
Platform modules already initialized, skipping
Registering precompiled user dll's ...
Registered in 0.009876 seconds.
Begin MonoManager ReloadAssembly
Native extension for WindowsStandalone target not found
Native extension for Android target not found
Refreshing native plugins compatible for Editor in 76.11 ms, found 12 plugins.
Preloading 1 native plugins for Editor in 0.04 ms.
Package Manager log level set to [2]
System.Reflection.TargetInvocationException: Exception has been thrown by the target of an invocation. ---> System.NullReferenceException: Object reference not set to an instance of an object
  at Unity.XR.Oculus.OculusLoader.AssetPathToAbsolutePath (System.String assetPath) [0x0003d] in G:\Unity\CemVRSeniorDesign\Cem-VR-Documentation\code\Giroux-CAP6117-SANC - crown\Library\PackageCache\com.unity.xr.oculus@3.0.2\Runtime\OculusLoader.cs:271 
  at Unity.XR.Oculus.OculusLoader.EditorLoadOVRPlugin () [0x0007b] in G:\Unity\CemVRSeniorDesign\Cem-VR-Documentation\code\Giroux-CAP6117-SANC - crown\Library\PackageCache\com.unity.xr.oculus@3.0.2\Runtime\OculusLoader.cs:256 
  at (wrapper managed-to-native) System.Reflection.RuntimeMethodInfo.InternalInvoke(System.Reflection.RuntimeMethodInfo,object,object[],System.Exception&)
  at System.Reflection.RuntimeMethodInfo.Invoke (System.Object obj, System.Reflection.BindingFlags invokeAttr, System.Reflection.Binder binder, System.Object[] parameters, System.Globalization.CultureInfo culture) [0x0006a] in <c2a97e0383e8404c9fc0ae19d58f57f1>:0 
   --- End of inner exception stack trace ---
  at System.Reflection.RuntimeMethodInfo.Invoke (System.Object obj, System.Reflection.BindingFlags invokeAttr, System.Reflection.Binder binder, System.Object[] parameters, System.Globalization.CultureInfo culture) [0x00083] in <c2a97e0383e8404c9fc0ae19d58f57f1>:0 
  at System.Reflection.MethodBase.Invoke (System.Object obj, System.Object[] parameters) [0x00000] in <c2a97e0383e8404c9fc0ae19d58f57f1>:0 
  at UnityEditor.EditorAssemblies.ProcessInitializeOnLoadMethodAttributes () [0x000a5] in <5f40cdb07bd44d76a23dad985a4ec283>:0 
UnityEngine.StackTraceUtility:ExtractStackTrace ()
UnityEngine.DebugLogHandler:LogFormat (UnityEngine.LogType,UnityEngine.Object,string,object[])
UnityEngine.Logger:Log (UnityEngine.LogType,object)
UnityEngine.Debug:LogError (object)
UnityEditor.EditorAssemblies:ProcessInitializeOnLoadMethodAttributes ()

Mono: successfully reloaded assembly
- Completed reload, in  1.057 seconds
Domain Reload Profiling:
	ReloadAssembly (1057ms)
		BeginReloadAssembly (201ms)
			ExecutionOrderSort (0ms)
			DisableScriptedObjects (5ms)
			BackupInstance (0ms)
			ReleaseScriptingObjects (0ms)
			CreateAndSetChildDomain (124ms)
		EndReloadAssembly (778ms)
			LoadAssemblies (83ms)
			RebuildTransferFunctionScriptingTraits (0ms)
			SetupTypeCache (163ms)
			ReleaseScriptCaches (1ms)
			RebuildScriptCaches (43ms)
			SetupLoadedEditorAssemblies (473ms)
				LogAssemblyErrors (0ms)
				InitializePlatformSupportModulesInManaged (9ms)
				SetLoadedEditorAssemblies (0ms)
				RefreshPlugins (76ms)
				BeforeProcessingInitializeOnLoad (69ms)
				ProcessInitializeOnLoadAttributes (270ms)
				ProcessInitializeOnLoadMethodAttributes (46ms)
				AfterProcessingInitializeOnLoad (2ms)
				EditorAssembliesLoaded (0ms)
			ExecutionOrderSort2 (0ms)
			AwakeInstancesAfterBackupRestoration (4ms)
Platform modules already initialized, skipping
========================================================================
Worker process is ready to serve import requests
Launched and connected shader compiler UnityShaderCompiler.exe after 0.07 seconds
Refreshing native plugins compatible for Editor in 2.07 ms, found 12 plugins.
Preloading 1 native plugins for Editor in 0.07 ms.
Unloading 4380 Unused Serialized files (Serialized files now loaded: 0)
Unloading 75 unused Assets / (1.5 MB). Loaded Objects now: 4839.
Memory consumption went from 178.5 MB to 177.0 MB.
Total: 3.120000 ms (FindLiveObjects: 0.257100 ms CreateObjectMapping: 0.111500 ms MarkObjects: 2.475700 ms  DeleteObjects: 0.275000 ms)

AssetImportParameters requested are different than current active one (requested -> active):
  custom:video-decoder-ogg-theora: a1e56fd34408186e4bbccfd4996cb3dc -> 
  custom:container-muxer-webm: aa71ff27fc2769a1b78a27578f13a17b -> 
  custom:container-demuxer-webm: 4f35f7cbe854078d1ac9338744f61a02 -> 
  custom:video-encoder-webm-vp8: eb34c28f22e8b96e1ab97ce403110664 -> 
  custom:video-codec-MediaFoundation-h265: 746d11721c4dcdbdad8f713fa42b33f4 -> 
  custom:audio-encoder-webm-vorbis: bf7c407c2cedff20999df2af8eb42d56 -> 
  custom:framework-win-MediaFoundation: 216162199b28c13a410421893ffa2e32 -> 
  custom:container-demuxer-ogg: 62fdf1f143b41e24485cea50d1cbac27 -> 
  custom:video-decoder-webm-vp8: 9c59270c3fd7afecdb556c50c9e8de78 -> 
  custom:audio-decoder-ogg-vorbis: bf7c407c2cedff20999df2af8eb42d56 -> 
========================================================================
Received Import Request.
  Time since last request: 171863.152915 seconds.
  path: Assets/Models/LOD Headstones/PA-2-F.blend
  artifactKey: Guid(2f33b43467011ea46947fe5e65065d46) Importer(815301076,1909f56bfc062723c751e8b465ee728b)
Start importing Assets/Models/LOD Headstones/PA-2-F.blend using Guid(2f33b43467011ea46947fe5e65065d46) Importer(815301076,1909f56bfc062723c751e8b465ee728b)  -> (artifact id: '4a9ba1a2a6b1b26ed5a05e1537af05ad') in 0.305640 seconds 
========================================================================
Received Import Request.
  Time since last request: 258.750237 seconds.
  path: Assets/Models/LOD Headstones/PA-6-F.blend
  artifactKey: Guid(169baa35e7054cd47b2d3c7e5437255d) Importer(815301076,1909f56bfc062723c751e8b465ee728b)
Start importing Assets/Models/LOD Headstones/PA-6-F.blend using Guid(169baa35e7054cd47b2d3c7e5437255d) Importer(815301076,1909f56bfc062723c751e8b465ee728b)  -> (artifact id: 'e7f235ee35b6f5e0850485fb8f2db3ee') in 0.025214 seconds 
========================================================================
Received Import Request.
  Time since last request: 1.525738 seconds.
  path: Assets/Models/LOD Headstones/PA-6-F.fbx
  artifactKey: Guid(20527bdc688699c45a604a7b865b6c6a) Importer(815301076,1909f56bfc062723c751e8b465ee728b)
Start importing Assets/Models/LOD Headstones/PA-6-F.fbx using Guid(20527bdc688699c45a604a7b865b6c6a) Importer(815301076,1909f56bfc062723c751e8b465ee728b)  -> (artifact id: '70ea7aa131ce68a0909b76ae34db4da4') in 0.112803 seconds 
========================================================================
Received Import Request.
  Time since last request: 11.954780 seconds.
  path: Assets/Models/LOD Headstones/PA-2-F.mtl
  artifactKey: Guid(8437de36301a4d6479828ef1fc7f302e) Importer(815301076,1909f56bfc062723c751e8b465ee728b)
Start importing Assets/Models/LOD Headstones/PA-2-F.mtl using Guid(8437de36301a4d6479828ef1fc7f302e) Importer(815301076,1909f56bfc062723c751e8b465ee728b)  -> (artifact id: '05510da0cbaa908949d7375cdc490143') in 0.003901 seconds 
========================================================================
Received Import Request.
  Time since last request: 3.147248 seconds.
  path: Assets/Models/LOD Headstones/PA-61-F.blend1
  artifactKey: Guid(94a048b7c4525e0498f357dbacb06a36) Importer(815301076,1909f56bfc062723c751e8b465ee728b)
Start importing Assets/Models/LOD Headstones/PA-61-F.blend1 using Guid(94a048b7c4525e0498f357dbacb06a36) Importer(815301076,1909f56bfc062723c751e8b465ee728b)  -> (artifact id: 'b1db66ca8cb078e8a59f4cbf161f91d6') in 0.009184 seconds 
========================================================================
Received Import Request.
  Time since last request: 193.115625 seconds.
  path: Assets/Models/LOD Headstones/PA-18-F.blend
  artifactKey: Guid(1395735240cb9ad498717b46139203cc) Importer(815301076,1909f56bfc062723c751e8b465ee728b)
Start importing Assets/Models/LOD Headstones/PA-18-F.blend using Guid(1395735240cb9ad498717b46139203cc) Importer(815301076,1909f56bfc062723c751e8b465ee728b)  -> (artifact id: '441f0ebfd5858b797426603b4c8572b4') in 0.029775 seconds 
========================================================================
Received Import Request.
  Time since last request: 1.928027 seconds.
  path: Assets/Models/LOD Headstones/PA-18-F.blend1
  artifactKey: Guid(d69867d0c800273408e8f45de6bc3e8c) Importer(815301076,1909f56bfc062723c751e8b465ee728b)
Start importing Assets/Models/LOD Headstones/PA-18-F.blend1 using Guid(d69867d0c800273408e8f45de6bc3e8c) Importer(815301076,1909f56bfc062723c751e8b465ee728b)  -> (artifact id: '86f1d5b91c753e15507f8d9dfd57dabe') in 0.002211 seconds 
========================================================================
Received Import Request.
  Time since last request: 1.351891 seconds.
  path: Assets/Models/LOD Headstones/PA-18-F.fbx
  artifactKey: Guid(6a2fffea80894164cb7663d46823057f) Importer(815301076,1909f56bfc062723c751e8b465ee728b)
Start importing Assets/Models/LOD Headstones/PA-18-F.fbx using Guid(6a2fffea80894164cb7663d46823057f) Importer(815301076,1909f56bfc062723c751e8b465ee728b)  -> (artifact id: '693216825d094170d694274235a51d7d') in 0.026664 seconds 
========================================================================
Received Import Request.
  Time since last request: 14.353714 seconds.
  path: Assets/Models/LOD Headstones/PA-24-F.blend
  artifactKey: Guid(72282304d4eac404f87cd8f363d041c6) Importer(815301076,1909f56bfc062723c751e8b465ee728b)
Start importing Assets/Models/LOD Headstones/PA-24-F.blend using Guid(72282304d4eac404f87cd8f363d041c6) Importer(815301076,1909f56bfc062723c751e8b465ee728b)  -> (artifact id: '3b86c6bb286a7f23f6e9ed15c6248e08') in 0.043706 seconds 
========================================================================
Received Import Request.
  Time since last request: 0.732838 seconds.
  path: Assets/Models/LOD Headstones/PA-24-F.fbx
  artifactKey: Guid(a61c05ae6fcfaad4e80f23e719f851cf) Importer(815301076,1909f56bfc062723c751e8b465ee728b)
Start importing Assets/Models/LOD Headstones/PA-24-F.fbx using Guid(a61c05ae6fcfaad4e80f23e719f851cf) Importer(815301076,1909f56bfc062723c751e8b465ee728b)  -> (artifact id: '24e44635c21d93f9837b2d55d84f3930') in 0.038954 seconds 
========================================================================
Received Import Request.
  Time since last request: 4.180668 seconds.
  path: Assets/Models/LOD Headstones/PA-61-F.blend
  artifactKey: Guid(b1fd9568e9458ad4586f26d340816892) Importer(815301076,1909f56bfc062723c751e8b465ee728b)
Start importing Assets/Models/LOD Headstones/PA-61-F.blend using Guid(b1fd9568e9458ad4586f26d340816892) Importer(815301076,1909f56bfc062723c751e8b465ee728b)  -> (artifact id: '2968fed654577ca477f0d7766ec1cc47') in 0.026732 seconds 
========================================================================
Received Import Request.
  Time since last request: 0.820004 seconds.
  path: Assets/Models/LOD Headstones/PA-61-F.fbx
  artifactKey: Guid(dc7494da18566624f86e948b914d57b7) Importer(815301076,1909f56bfc062723c751e8b465ee728b)
Start importing Assets/Models/LOD Headstones/PA-61-F.fbx using Guid(dc7494da18566624f86e948b914d57b7) Importer(815301076,1909f56bfc062723c751e8b465ee728b)  -> (artifact id: 'd1a55cefe3b587cb5cf3179856fea9d1') in 0.026551 seconds 
========================================================================
Received Import Request.
  Time since last request: 4.364725 seconds.
  path: Assets/Models/LOD Headstones/PA-79-F.blend
  artifactKey: Guid(3da16e1660c594e46977e1f6e25e615c) Importer(815301076,1909f56bfc062723c751e8b465ee728b)
Start importing Assets/Models/LOD Headstones/PA-79-F.blend using Guid(3da16e1660c594e46977e1f6e25e615c) Importer(815301076,1909f56bfc062723c751e8b465ee728b)  -> (artifact id: '2aa511135be625d0b712fef2cd14c2f6') in 0.033298 seconds 
========================================================================
Received Import Request.
  Time since last request: 1.579264 seconds.
  path: Assets/Models/LOD Headstones/PA-79-F.fbx
  artifactKey: Guid(86d8a02ee9328b94881f8f95a69260bd) Importer(815301076,1909f56bfc062723c751e8b465ee728b)
Start importing Assets/Models/LOD Headstones/PA-79-F.fbx using Guid(86d8a02ee9328b94881f8f95a69260bd) Importer(815301076,1909f56bfc062723c751e8b465ee728b)  -> (artifact id: 'c2ada2e9b67eb2375732906bafd4ce40') in 0.033919 seconds 
========================================================================
Received Import Request.
  Time since last request: 2.805154 seconds.
  path: Assets/Models/LOD Headstones/PA-80-F.fbx
  artifactKey: Guid(4a26442f2f3b43a4b8c6f6be40891ff3) Importer(815301076,1909f56bfc062723c751e8b465ee728b)
Start importing Assets/Models/LOD Headstones/PA-80-F.fbx using Guid(4a26442f2f3b43a4b8c6f6be40891ff3) Importer(815301076,1909f56bfc062723c751e8b465ee728b)  -> (artifact id: 'cc087d2020524b9261a25224b87b6d12') in 0.037017 seconds 
========================================================================
Received Import Request.
  Time since last request: 3.169775 seconds.
  path: Assets/Models/LOD Headstones/PA-86-F.blend1
  artifactKey: Guid(fd7ffb202df9aa044a9fb6bf70e4a0cb) Importer(815301076,1909f56bfc062723c751e8b465ee728b)
Start importing Assets/Models/LOD Headstones/PA-86-F.blend1 using Guid(fd7ffb202df9aa044a9fb6bf70e4a0cb) Importer(815301076,1909f56bfc062723c751e8b465ee728b)  -> (artifact id: '8e957b9d5f911fc30934852f849f19f5') in 0.006871 seconds 
========================================================================
Received Import Request.
  Time since last request: 0.571054 seconds.
  path: Assets/Models/LOD Headstones/PA-86-F.fbx
  artifactKey: Guid(6cd60d71b922a2d43b6cbbd7d107eef2) Importer(815301076,1909f56bfc062723c751e8b465ee728b)
Start importing Assets/Models/LOD Headstones/PA-86-F.fbx using Guid(6cd60d71b922a2d43b6cbbd7d107eef2) Importer(815301076,1909f56bfc062723c751e8b465ee728b)  -> (artifact id: '3dcabcaea31214d9b8ff4d52ba61bdfc') in 0.037003 seconds 
========================================================================
Received Import Request.
  Time since last request: 5.541883 seconds.
  path: Assets/Models/LOD Headstones/PA-87-F.fbx
  artifactKey: Guid(2bb1d98ac8862674ea3da751cf8888fe) Importer(815301076,1909f56bfc062723c751e8b465ee728b)
Start importing Assets/Models/LOD Headstones/PA-87-F.fbx using Guid(2bb1d98ac8862674ea3da751cf8888fe) Importer(815301076,1909f56bfc062723c751e8b465ee728b)  -> (artifact id: '46744cfd35b512d67ab746e463500d4d') in 0.034710 seconds 
========================================================================
Received Import Request.
  Time since last request: 6.939051 seconds.
  path: Assets/Models/LOD Headstones/PA-88-F.fbx
  artifactKey: Guid(94e7e0920fd6af44b941b0b158a2b612) Importer(815301076,1909f56bfc062723c751e8b465ee728b)
Start importing Assets/Models/LOD Headstones/PA-88-F.fbx using Guid(94e7e0920fd6af44b941b0b158a2b612) Importer(815301076,1909f56bfc062723c751e8b465ee728b)  -> (artifact id: 'd5c4a4d0b429b8e882f3861142e055f4') in 0.030659 seconds 
========================================================================
Received Import Request.
  Time since last request: 3.720564 seconds.
  path: Assets/Models/LOD Headstones/PA-118-F.fbx
  artifactKey: Guid(41ee15b7bf6a0a543b24cc219e80ebc7) Importer(815301076,1909f56bfc062723c751e8b465ee728b)
Start importing Assets/Models/LOD Headstones/PA-118-F.fbx using Guid(41ee15b7bf6a0a543b24cc219e80ebc7) Importer(815301076,1909f56bfc062723c751e8b465ee728b)  -> (artifact id: 'b0e0537c58922a16328efa0cd915616f') in 0.033971 seconds 
========================================================================
Received Import Request.
  Time since last request: 3.935091 seconds.
  path: Assets/Models/LOD Headstones/PA-121-F.blend
  artifactKey: Guid(b57680e2d661bfa41a34c4c45a5486b4) Importer(815301076,1909f56bfc062723c751e8b465ee728b)
Start importing Assets/Models/LOD Headstones/PA-121-F.blend using Guid(b57680e2d661bfa41a34c4c45a5486b4) Importer(815301076,1909f56bfc062723c751e8b465ee728b)  -> (artifact id: '74da77887d7b8b52c757498502ad7619') in 0.032880 seconds 
========================================================================
Received Import Request.
  Time since last request: 0.926627 seconds.
  path: Assets/Models/LOD Headstones/PA-121-F.fbx
  artifactKey: Guid(7ef2ae8e6998d2146a2cb594db172316) Importer(815301076,1909f56bfc062723c751e8b465ee728b)
Start importing Assets/Models/LOD Headstones/PA-121-F.fbx using Guid(7ef2ae8e6998d2146a2cb594db172316) Importer(815301076,1909f56bfc062723c751e8b465ee728b)  -> (artifact id: '7fc204acc103f095c8733d9862350dfd') in 0.032506 seconds 
========================================================================
Received Import Request.
  Time since last request: 5.600936 seconds.
  path: Assets/Models/LOD Headstones/PA-127-F.fbx
  artifactKey: Guid(93815fe89eacb7c47bd2763df5047bc7) Importer(815301076,1909f56bfc062723c751e8b465ee728b)
Start importing Assets/Models/LOD Headstones/PA-127-F.fbx using Guid(93815fe89eacb7c47bd2763df5047bc7) Importer(815301076,1909f56bfc062723c751e8b465ee728b)  -> (artifact id: '3eeb90b9610db9bb391031e0946e0359') in 0.019875 seconds 
========================================================================
Received Import Request.
  Time since last request: 23.619456 seconds.
  path: Assets/Models/LOD Headstones/PA-147-F.fbx
  artifactKey: Guid(4c06fb4be07a63a4dae38fefde9d845a) Importer(815301076,1909f56bfc062723c751e8b465ee728b)
Start importing Assets/Models/LOD Headstones/PA-147-F.fbx using Guid(4c06fb4be07a63a4dae38fefde9d845a) Importer(815301076,1909f56bfc062723c751e8b465ee728b)  -> (artifact id: 'd942948dcc63896faea24bca5cb85f2b') in 0.017234 seconds 
========================================================================
Received Import Request.
  Time since last request: 44.829461 seconds.
  path: Assets/Models/LOD Headstones/PA-161-F.blend
  artifactKey: Guid(0125fc2429afa3a449ca1976013bf18a) Importer(815301076,1909f56bfc062723c751e8b465ee728b)
Start importing Assets/Models/LOD Headstones/PA-161-F.blend using Guid(0125fc2429afa3a449ca1976013bf18a) Importer(815301076,1909f56bfc062723c751e8b465ee728b)  -> (artifact id: '24110581509aef87801d047501b3aa49') in 0.037518 seconds 
========================================================================
Received Import Request.
  Time since last request: 1.146735 seconds.
  path: Assets/Models/LOD Headstones/PA-161-F.fbx
  artifactKey: Guid(7aca2f86452ad1b428b8cad06c51de50) Importer(815301076,1909f56bfc062723c751e8b465ee728b)
Start importing Assets/Models/LOD Headstones/PA-161-F.fbx using Guid(7aca2f86452ad1b428b8cad06c51de50) Importer(815301076,1909f56bfc062723c751e8b465ee728b)  -> (artifact id: 'c11e220225b2089b0dffa9c0cae56383') in 0.036333 seconds 
========================================================================
Received Import Request.
  Time since last request: 10.728813 seconds.
  path: Assets/Models/LOD Headstones/PA-180-F.blend
  artifactKey: Guid(3eea83fdb7c13214cb4642bf834c3e1f) Importer(815301076,1909f56bfc062723c751e8b465ee728b)
Start importing Assets/Models/LOD Headstones/PA-180-F.blend using Guid(3eea83fdb7c13214cb4642bf834c3e1f) Importer(815301076,1909f56bfc062723c751e8b465ee728b)  -> (artifact id: 'b6348028e60b0364342efd50379bb61c') in 0.030654 seconds 
========================================================================
Received Import Request.
  Time since last request: 0.539472 seconds.
  path: Assets/Models/LOD Headstones/PA-180-F.fbx
  artifactKey: Guid(946fd0fc799f6644a978b9874fbc710f) Importer(815301076,1909f56bfc062723c751e8b465ee728b)
Start importing Assets/Models/LOD Headstones/PA-180-F.fbx using Guid(946fd0fc799f6644a978b9874fbc710f) Importer(815301076,1909f56bfc062723c751e8b465ee728b)  -> (artifact id: '59d68c2808c67960cf3fda217df0c92f') in 0.028512 seconds 
========================================================================
Received Import Request.
  Time since last request: 4.456368 seconds.
  path: Assets/Models/LOD Headstones/PA-197-F.blend
  artifactKey: Guid(3eaa7b3e92e0a7d4eb21f2490073fbde) Importer(815301076,1909f56bfc062723c751e8b465ee728b)
Start importing Assets/Models/LOD Headstones/PA-197-F.blend using Guid(3eaa7b3e92e0a7d4eb21f2490073fbde) Importer(815301076,1909f56bfc062723c751e8b465ee728b)  -> (artifact id: '36e26608e3094c82bc7c582f9b6cc5b0') in 0.031177 seconds 
========================================================================
Received Import Request.
  Time since last request: 0.691056 seconds.
  path: Assets/Models/LOD Headstones/PA-197-F.fbx
  artifactKey: Guid(dafcf6dfa7269ff499530288e760fda0) Importer(815301076,1909f56bfc062723c751e8b465ee728b)
Start importing Assets/Models/LOD Headstones/PA-197-F.fbx using Guid(dafcf6dfa7269ff499530288e760fda0) Importer(815301076,1909f56bfc062723c751e8b465ee728b)  -> (artifact id: '212c561a64a099af012ad2a43741f77c') in 0.028775 seconds 
========================================================================
Received Import Request.
  Time since last request: 5.599499 seconds.
  path: Assets/Models/LOD Headstones/PA-233-F.fbx
  artifactKey: Guid(69f10eb16dd982a4782e69e4b382cb6c) Importer(815301076,1909f56bfc062723c751e8b465ee728b)
Start importing Assets/Models/LOD Headstones/PA-233-F.fbx using Guid(69f10eb16dd982a4782e69e4b382cb6c) Importer(815301076,1909f56bfc062723c751e8b465ee728b)  -> (artifact id: 'b50b59716e65a1d525f730c626eabdb2') in 0.030885 seconds 
========================================================================
Received Import Request.
  Time since last request: 4.535772 seconds.
  path: Assets/Models/LOD Headstones/PA-244-F.fbx
  artifactKey: Guid(a24dc5549c1736f4d915c11eefa785e3) Importer(815301076,1909f56bfc062723c751e8b465ee728b)
Start importing Assets/Models/LOD Headstones/PA-244-F.fbx using Guid(a24dc5549c1736f4d915c11eefa785e3) Importer(815301076,1909f56bfc062723c751e8b465ee728b)  -> (artifact id: '5b3a91ac2434b5342cd7a66193419ed3') in 0.030430 seconds 
========================================================================
Received Import Request.
  Time since last request: 5.101191 seconds.
  path: Assets/Models/LOD Headstones/PA-290-F.blend1
  artifactKey: Guid(e83097da0544fc342aad68b4024b3d5a) Importer(815301076,1909f56bfc062723c751e8b465ee728b)
Start importing Assets/Models/LOD Headstones/PA-290-F.blend1 using Guid(e83097da0544fc342aad68b4024b3d5a) Importer(815301076,1909f56bfc062723c751e8b465ee728b)  -> (artifact id: 'cfb3442f0784cb2896c843a654f7feb6') in 0.017765 seconds 
========================================================================
Received Import Request.
  Time since last request: 0.627839 seconds.
  path: Assets/Models/LOD Headstones/PA-290-F.fbx
  artifactKey: Guid(cdd23d4c20185a34b8f019c4833b6daa) Importer(815301076,1909f56bfc062723c751e8b465ee728b)
Start importing Assets/Models/LOD Headstones/PA-290-F.fbx using Guid(cdd23d4c20185a34b8f019c4833b6daa) Importer(815301076,1909f56bfc062723c751e8b465ee728b)  -> (artifact id: 'a7ca0ab3f1b70e669aa1675f49288810') in 0.029513 seconds 
========================================================================
Received Import Request.
  Time since last request: 3.522048 seconds.
  path: Assets/Models/LOD Headstones/PA-316-F.fbx
  artifactKey: Guid(9608c1d53190a7f49a8452bd01937a7c) Importer(815301076,1909f56bfc062723c751e8b465ee728b)
Start importing Assets/Models/LOD Headstones/PA-316-F.fbx using Guid(9608c1d53190a7f49a8452bd01937a7c) Importer(815301076,1909f56bfc062723c751e8b465ee728b)  -> (artifact id: '610cdb75d635f502b82f2cfb395a81de') in 0.044276 seconds 
========================================================================
Received Import Request.
  Time since last request: 7.071501 seconds.
  path: Assets/Models/LOD Headstones/PA-338-F.fbx
  artifactKey: Guid(90ef9721140c7334c9a666d149115d29) Importer(815301076,1909f56bfc062723c751e8b465ee728b)
Start importing Assets/Models/LOD Headstones/PA-338-F.fbx using Guid(90ef9721140c7334c9a666d149115d29) Importer(815301076,1909f56bfc062723c751e8b465ee728b)  -> (artifact id: '1809df106aa29c17930d5aff8a0ff323') in 0.052358 seconds 
========================================================================
Received Import Request.
  Time since last request: 18.404746 seconds.
  path: Assets/Models/LOD Headstones/PA-396-F.fbx
  artifactKey: Guid(ea8dcdc3c3196ec4f98b0600b7fa1b11) Importer(815301076,1909f56bfc062723c751e8b465ee728b)
Start importing Assets/Models/LOD Headstones/PA-396-F.fbx using Guid(ea8dcdc3c3196ec4f98b0600b7fa1b11) Importer(815301076,1909f56bfc062723c751e8b465ee728b)  -> (artifact id: 'a1d7606ca6e7cefe61c8a00bbe5d0c6a') in 0.026506 seconds 
========================================================================
Received Import Request.
  Time since last request: 6.894939 seconds.
  path: Assets/Models/LOD Headstones/PA-402-F.fbx
  artifactKey: Guid(8ad87ed42daaf4a4db3022c022b22bb8) Importer(815301076,1909f56bfc062723c751e8b465ee728b)
Start importing Assets/Models/LOD Headstones/PA-402-F.fbx using Guid(8ad87ed42daaf4a4db3022c022b22bb8) Importer(815301076,1909f56bfc062723c751e8b465ee728b)  -> (artifact id: 'd800df2d4a582895b1a541532c807593') in 0.029372 seconds 
========================================================================
Received Import Request.
  Time since last request: 4.509046 seconds.
  path: Assets/Models/LOD Headstones/PA-403-F.fbx
  artifactKey: Guid(1012bb3b3fcf5eb4aad1247fdccc4883) Importer(815301076,1909f56bfc062723c751e8b465ee728b)
Start importing Assets/Models/LOD Headstones/PA-403-F.fbx using Guid(1012bb3b3fcf5eb4aad1247fdccc4883) Importer(815301076,1909f56bfc062723c751e8b465ee728b)  -> (artifact id: '2a67d835843e17c52bfe163b898af2fe') in 0.017967 seconds 
========================================================================
Received Import Request.
  Time since last request: 11.581423 seconds.
  path: Assets/Models/LOD Headstones/PA-419-F.blend
  artifactKey: Guid(a84949f65cefc8b449271bfade53a629) Importer(815301076,1909f56bfc062723c751e8b465ee728b)
Start importing Assets/Models/LOD Headstones/PA-419-F.blend using Guid(a84949f65cefc8b449271bfade53a629) Importer(815301076,1909f56bfc062723c751e8b465ee728b)  -> (artifact id: 'ed2e5159cbc8555e8765b8fdaf4cc7dd') in 0.028879 seconds 
========================================================================
Received Import Request.
  Time since last request: 1.068028 seconds.
  path: Assets/Models/LOD Headstones/PA-405-F.blend
  artifactKey: Guid(6b95c655e1ff71947be69434945bea59) Importer(815301076,1909f56bfc062723c751e8b465ee728b)
Start importing Assets/Models/LOD Headstones/PA-405-F.blend using Guid(6b95c655e1ff71947be69434945bea59) Importer(815301076,1909f56bfc062723c751e8b465ee728b)  -> (artifact id: '79509b6f76d4a54f79008987ce925e53') in 0.031567 seconds 
========================================================================
Received Import Request.
  Time since last request: 0.791805 seconds.
  path: Assets/Models/LOD Headstones/PA-405-F.blend1
  artifactKey: Guid(29dfe40a1af4c2842aa56240a2aa208c) Importer(815301076,1909f56bfc062723c751e8b465ee728b)
Start importing Assets/Models/LOD Headstones/PA-405-F.blend1 using Guid(29dfe40a1af4c2842aa56240a2aa208c) Importer(815301076,1909f56bfc062723c751e8b465ee728b)  -> (artifact id: 'e292272b037eb47b999c44e9e916dd74') in 0.002686 seconds 
========================================================================
Received Import Request.
  Time since last request: 2.317038 seconds.
  path: Assets/Models/LOD Headstones/PA-419-F.fbx
  artifactKey: Guid(bb942392ef9468c49b87931431232c36) Importer(815301076,1909f56bfc062723c751e8b465ee728b)
Start importing Assets/Models/LOD Headstones/PA-419-F.fbx using Guid(bb942392ef9468c49b87931431232c36) Importer(815301076,1909f56bfc062723c751e8b465ee728b)  -> (artifact id: '162293351a242450baca0b9c41586776') in 0.035437 seconds 
========================================================================
Received Import Request.
  Time since last request: 4.993772 seconds.
  path: Assets/Models/LOD Headstones/PA-427-F.fbx
  artifactKey: Guid(30d6842852d990340963b291d39ad64c) Importer(815301076,1909f56bfc062723c751e8b465ee728b)
Start importing Assets/Models/LOD Headstones/PA-427-F.fbx using Guid(30d6842852d990340963b291d39ad64c) Importer(815301076,1909f56bfc062723c751e8b465ee728b)  -> (artifact id: '8a0cc2a54958e468bf15410fe0d95b7f') in 0.016371 seconds 
========================================================================
Received Import Request.
  Time since last request: 14.152109 seconds.
  path: Assets/Models/LOD Headstones/PA-462-F.fbx
  artifactKey: Guid(1eb39cb8a66444a49a0d7050e7e6c73f) Importer(815301076,1909f56bfc062723c751e8b465ee728b)
Start importing Assets/Models/LOD Headstones/PA-462-F.fbx using Guid(1eb39cb8a66444a49a0d7050e7e6c73f) Importer(815301076,1909f56bfc062723c751e8b465ee728b)  -> (artifact id: '64024f45e436d3d8159f5cd5b477aeff') in 0.026307 seconds 
========================================================================
Received Import Request.
  Time since last request: 27.959680 seconds.
  path: Assets/Models/LOD Headstones/PA-473-F.fbx
  artifactKey: Guid(6a5f929f367db9847b49cb5de702b97f) Importer(815301076,1909f56bfc062723c751e8b465ee728b)
Start importing Assets/Models/LOD Headstones/PA-473-F.fbx using Guid(6a5f929f367db9847b49cb5de702b97f) Importer(815301076,1909f56bfc062723c751e8b465ee728b)  -> (artifact id: 'ac6703a79bf9f100690b7cbabbdb7e3c') in 0.030868 seconds 
========================================================================
Received Import Request.
  Time since last request: 5.173177 seconds.
  path: Assets/Models/LOD Headstones/PA-504-F.fbx
  artifactKey: Guid(efa0279c182c4464d8b6fd127ed53bca) Importer(815301076,1909f56bfc062723c751e8b465ee728b)
Start importing Assets/Models/LOD Headstones/PA-504-F.fbx using Guid(efa0279c182c4464d8b6fd127ed53bca) Importer(815301076,1909f56bfc062723c751e8b465ee728b)  -> (artifact id: '39c286e11599f17c8cb113cf754824d0') in 0.016755 seconds 
========================================================================
Received Import Request.
  Time since last request: 6.986396 seconds.
  path: Assets/Models/LOD Headstones/PA-538-F.fbx
  artifactKey: Guid(a0496c07cba5e5c4aae4e9ec38452d46) Importer(815301076,1909f56bfc062723c751e8b465ee728b)
Start importing Assets/Models/LOD Headstones/PA-538-F.fbx using Guid(a0496c07cba5e5c4aae4e9ec38452d46) Importer(815301076,1909f56bfc062723c751e8b465ee728b)  -> (artifact id: '6d3c151355f3d9659e7f602a3272816e') in 0.025097 seconds 
========================================================================
Received Import Request.
  Time since last request: 8.113008 seconds.
  path: Assets/Models/LOD Headstones/PA-539-F.blend
  artifactKey: Guid(ec893c33dbdc0ad4d82b2486a3cc4695) Importer(815301076,1909f56bfc062723c751e8b465ee728b)
Start importing Assets/Models/LOD Headstones/PA-539-F.blend using Guid(ec893c33dbdc0ad4d82b2486a3cc4695) Importer(815301076,1909f56bfc062723c751e8b465ee728b)  -> (artifact id: 'd14bb7e8c5e9df13e9faa54b5e1a80c6') in 0.023111 seconds 
========================================================================
Received Import Request.
  Time since last request: 0.570572 seconds.
  path: Assets/Models/LOD Headstones/PA-539-F.fbx
  artifactKey: Guid(7e9b24e612491e34296885e01a5a83cf) Importer(815301076,1909f56bfc062723c751e8b465ee728b)
Start importing Assets/Models/LOD Headstones/PA-539-F.fbx using Guid(7e9b24e612491e34296885e01a5a83cf) Importer(815301076,1909f56bfc062723c751e8b465ee728b)  -> (artifact id: '7d11256cea772def8dd35fee0ecbe460') in 0.023211 seconds 
========================================================================
Received Import Request.
  Time since last request: 5.456490 seconds.
  path: Assets/Models/LOD Headstones/PA-550-F.fbx
  artifactKey: Guid(800e311cc103fd347811b471973ffe7d) Importer(815301076,1909f56bfc062723c751e8b465ee728b)
Start importing Assets/Models/LOD Headstones/PA-550-F.fbx using Guid(800e311cc103fd347811b471973ffe7d) Importer(815301076,1909f56bfc062723c751e8b465ee728b)  -> (artifact id: 'b872c94b1e37696327af951a8f75cc5b') in 0.018411 seconds 
========================================================================
Received Import Request.
  Time since last request: 11.994101 seconds.
  path: Assets/Models/LOD Headstones/PA-587-F.fbx
  artifactKey: Guid(6cfa5373315d80c4da23df67ad5446e4) Importer(815301076,1909f56bfc062723c751e8b465ee728b)
Start importing Assets/Models/LOD Headstones/PA-587-F.fbx using Guid(6cfa5373315d80c4da23df67ad5446e4) Importer(815301076,1909f56bfc062723c751e8b465ee728b)  -> (artifact id: '4f56f348b268c595b5a9f0b83f5ae81f') in 0.025046 seconds 
========================================================================
Received Import Request.
  Time since last request: 9.385990 seconds.
  path: Assets/Models/LOD Headstones/PA-588-F.fbx
  artifactKey: Guid(96b932344533442429cace22267cfe35) Importer(815301076,1909f56bfc062723c751e8b465ee728b)
Start importing Assets/Models/LOD Headstones/PA-588-F.fbx using Guid(96b932344533442429cace22267cfe35) Importer(815301076,1909f56bfc062723c751e8b465ee728b)  -> (artifact id: 'eeb1cfd8ea8d8daa31bbe84ce95d52f1') in 0.023180 seconds 
========================================================================
Received Import Request.
  Time since last request: 18.241907 seconds.
  path: Assets/Models/LOD Headstones/PA-622-F.fbx
  artifactKey: Guid(97caa0ebde1a07e41b91de797d3f296d) Importer(815301076,1909f56bfc062723c751e8b465ee728b)
Start importing Assets/Models/LOD Headstones/PA-622-F.fbx using Guid(97caa0ebde1a07e41b91de797d3f296d) Importer(815301076,1909f56bfc062723c751e8b465ee728b)  -> (artifact id: '0749b30e445b9eacbe48cf9d38a1e160') in 0.022417 seconds 
========================================================================
Received Import Request.
  Time since last request: 9.285103 seconds.
  path: Assets/Models/LOD Headstones/PC-67-F.blend
  artifactKey: Guid(d937828c10ab44e4aa20553edf08d124) Importer(815301076,1909f56bfc062723c751e8b465ee728b)
Start importing Assets/Models/LOD Headstones/PC-67-F.blend using Guid(d937828c10ab44e4aa20553edf08d124) Importer(815301076,1909f56bfc062723c751e8b465ee728b)  -> (artifact id: 'cdc8b4f3e74cd2648ddd4863c1600295') in 0.024031 seconds 
========================================================================
Received Import Request.
  Time since last request: 6.674689 seconds.
  path: Assets/Models/LOD Headstones/PC-67-F.fbx
  artifactKey: Guid(378f1723a4ffad24d9f17b6d077190bb) Importer(815301076,1909f56bfc062723c751e8b465ee728b)
Start importing Assets/Models/LOD Headstones/PC-67-F.fbx using Guid(378f1723a4ffad24d9f17b6d077190bb) Importer(815301076,1909f56bfc062723c751e8b465ee728b)  -> (artifact id: '60ab9f81cdf7faf8ba5860f0b06c66df') in 0.022239 seconds 
========================================================================
Received Import Request.
  Time since last request: 1847.187657 seconds.
  path: Assets/Models/Personal Headstones/PA-161-F.obj
  artifactKey: Guid(b7e8d22cf403a7f45a20513f0670dd65) Importer(815301076,1909f56bfc062723c751e8b465ee728b)
Start importing Assets/Models/Personal Headstones/PA-161-F.obj using Guid(b7e8d22cf403a7f45a20513f0670dd65) Importer(815301076,1909f56bfc062723c751e8b465ee728b)  -> (artifact id: 'd61d0b3c1773f257ffcdf07589ebecbd') in 0.028336 seconds 
========================================================================
Received Import Request.
  Time since last request: 706.336255 seconds.
  path: Assets/Models/Personal Headstones/PC-67-F.obj
  artifactKey: Guid(09e3a76098653784f970afc5ab038599) Importer(815301076,1909f56bfc062723c751e8b465ee728b)
Start importing Assets/Models/Personal Headstones/PC-67-F.obj using Guid(09e3a76098653784f970afc5ab038599) Importer(815301076,1909f56bfc062723c751e8b465ee728b)  -> (artifact id: 'c1ca2c47adeaf97f07dd7c88d1bf61e7') in 0.029173 seconds 
